\BOOKMARK [1][-]{section.1}{\376\377\000G\000r\000u\000n\000d\000b\000e\000g\000r\000i\000f\000f\000e}{}% 1
\BOOKMARK [2][-]{subsection.1.1}{\376\377\000W\000a\000h\000r\000s\000c\000h\000e\000i\000n\000l\000i\000c\000h\000k\000e\000i\000t\000s\000r\000a\000u\000m}{section.1}% 2
\BOOKMARK [2][-]{subsection.1.2}{\376\377\000B\000e\000d\000i\000n\000g\000t\000e\000\040\000W\000a\000h\000r\000s\000c\000h\000e\000i\000n\000l\000i\000c\000h\000k\000e\000i\000t\000e\000n}{section.1}% 3
\BOOKMARK [2][-]{subsection.1.3}{\376\377\000U\000n\000a\000b\000h\000\344\000n\000g\000i\000g\000k\000e\000i\000t}{section.1}% 4
\BOOKMARK [1][-]{section.2}{\376\377\000Z\000u\000f\000a\000l\000l\000s\000v\000a\000r\000i\000a\000b\000l\000e\000n}{}% 5
\BOOKMARK [2][-]{subsection.2.1}{\376\377\000V\000e\000r\000t\000e\000i\000l\000u\000n\000g\000s\000f\000u\000n\000k\000t\000i\000o\000n}{section.2}% 6
\BOOKMARK [2][-]{subsection.2.2}{\376\377\000D\000i\000s\000k\000r\000e\000t\000e\000\040\000Z\000u\000f\000a\000l\000l\000s\000v\000a\000r\000i\000a\000b\000l\000e\000n}{section.2}% 7
\BOOKMARK [2][-]{subsection.2.3}{\376\377\000D\000i\000s\000k\000r\000e\000t\000e\000\040\000V\000e\000r\000t\000e\000i\000l\000u\000n\000g\000e\000n}{section.2}% 8
\BOOKMARK [2][-]{subsection.2.4}{\376\377\000S\000t\000e\000t\000i\000g\000e\000\040\000Z\000u\000f\000a\000l\000l\000s\000v\000a\000r\000i\000a\000b\000l\000e\000n}{section.2}% 9
\BOOKMARK [2][-]{subsection.2.5}{\376\377\000S\000t\000e\000t\000i\000g\000e\000\040\000V\000e\000r\000t\000e\000i\000l\000u\000n\000g\000e\000n}{section.2}% 10
\BOOKMARK [1][-]{section.3}{\376\377\000E\000r\000w\000a\000r\000t\000u\000n\000g\000s\000w\000e\000r\000t}{}% 11
\BOOKMARK [2][-]{subsection.3.1}{\376\377\000R\000e\000c\000h\000n\000e\000n\000\040\000m\000i\000t\000\040\000E\000r\000w\000a\000r\000t\000u\000n\000g\000s\000w\000e\000r\000t\000e\000n}{section.3}% 12
\BOOKMARK [2][-]{subsection.3.2}{\376\377\000U\000n\000g\000l\000e\000i\000c\000h\000u\000n\000g\000e\000n}{section.3}% 13
\BOOKMARK [2][-]{subsection.3.3}{\376\377\000V\000a\000r\000i\000a\000n\000z}{section.3}% 14
\BOOKMARK [2][-]{subsection.3.4}{\376\377\000B\000e\000d\000i\000n\000g\000t\000e\000r\000\040\000E\000r\000w\000a\000r\000t\000u\000n\000g\000s\000w\000e\000r\000t}{section.3}% 15
\BOOKMARK [1][-]{section.4}{\376\377\000M\000e\000h\000r\000e\000r\000e\000\040\000Z\000u\000f\000a\000l\000l\000s\000v\000a\000r\000i\000a\000b\000l\000e\000n}{}% 16
\BOOKMARK [2][-]{subsection.4.1}{\376\377\000D\000i\000s\000k\000r\000e\000t\000e\000r\000\040\000F\000a\000l\000l\000\040\000-\000\040\000G\000e\000w\000i\000c\000h\000t\000s\000f\000u\000n\000k\000t\000i\000o\000n}{section.4}% 17
\BOOKMARK [2][-]{subsection.4.2}{\376\377\000S\000t\000e\000t\000i\000g\000e\000r\000\040\000F\000a\000l\000l\000\040\000-\000\040\000G\000e\000m\000e\000i\000n\000s\000a\000m\000e\000\040\000D\000i\000c\000h\000t\000e}{section.4}% 18
\BOOKMARK [2][-]{subsection.4.3}{\376\377\000T\000r\000a\000n\000s\000f\000o\000r\000m\000a\000t\000i\000o\000n\000\040\000v\000o\000n\000\040\000Z\000u\000f\000a\000l\000l\000s\000v\000a\000r\000i\000a\000b\000l\000e\000n}{section.4}% 19
\BOOKMARK [1][-]{section.5}{\376\377\000K\000o\000n\000v\000e\000r\000g\000e\000n\000z\000\040\000i\000n\000\040\000W\000a\000h\000r\000s\000c\000h\000e\000i\000n\000l\000i\000c\000h\000k\000e\000i\000t\000s\000r\000\344\000u\000m\000e\000n}{}% 20
\BOOKMARK [2][-]{subsection.5.1}{\376\377\000G\000e\000s\000e\000t\000z\000\040\000d\000e\000r\000\040\000g\000r\000o\000s\000s\000e\000n\000\040\000Z\000a\000h\000l\000e\000n}{section.5}% 21
\BOOKMARK [2][-]{subsection.5.2}{\376\377\000Z\000e\000n\000t\000r\000a\000l\000e\000r\000\040\000G\000r\000e\000n\000z\000w\000e\000r\000t\000s\000a\000t\000z}{section.5}% 22
